<?xml version="1.0" encoding="UTF-8"?>
<testng-results skipped="0" failed="0" total="1" passed="1">
  <reporter-output>
  </reporter-output>
  <suite name="Default suite" duration-ms="8552" started-at="2018-04-04T16:17:14Z" finished-at="2018-04-04T16:17:23Z">
    <groups>
    </groups>
    <test name="Default test" duration-ms="8552" started-at="2018-04-04T16:17:14Z" finished-at="2018-04-04T16:17:23Z">
      <class name="com.testcases.Student">
        <test-method status="PASS" signature="abc()[pri:0, instance:com.testcases.Student@68c4039c]" name="abc" duration-ms="8503" started-at="2018-04-04T21:47:14Z" finished-at="2018-04-04T21:47:23Z">
          <reporter-output>
          </reporter-output>
        </test-method> <!-- abc -->
      </class> <!-- com.testcases.Student -->
    </test> <!-- Default test -->
  </suite> <!-- Default suite -->
</testng-results>
